{
  "RSpec": {
    "coverage": {
      "/Users/likitung/Desktop/bank/app/helpers/application_helper.rb": [
        1,
        null
      ],
      "/Users/likitung/Desktop/bank/app/models/atm_banknote.rb": [
        1,
        1,
        1,
        null,
        1,
        null
      ],
      "/Users/likitung/Desktop/bank/app/models/application_record.rb": [
        1,
        1,
        null
      ],
      "/Users/likitung/Desktop/bank/app/models/atm.rb": [
        1,
        1,
        null
      ],
      "/Users/likitung/Desktop/bank/app/models/banknote.rb": [
        1,
        1,
        null,
        1,
        1,
        null
      ],
      "/Users/likitung/Desktop/bank/app/mailers/application_mailer.rb": [
        0,
        0,
        0,
        0
      ],
      "/Users/likitung/Desktop/bank/app/commands/add_transaction_to_atm.rb": [
        null,
        null,
        0,
        0,
        0,
        null,
        0,
        0,
        0,
        0,
        0,
        null,
        0,
        0,
        0,
        0,
        0,
        0,
        0,
        0,
        0,
        0,
        0,
        0
      ],
      "/Users/likitung/Desktop/bank/app/commands/withdraw_from_atm.rb": [
        null,
        null,
        0,
        0,
        0,
        null,
        0,
        0,
        0,
        0,
        null,
        0,
        0,
        null,
        0,
        null,
        0,
        null,
        0,
        0,
        0,
        null,
        0,
        0,
        0,
        0,
        0,
        0,
        0,
        0,
        null,
        0,
        null,
        0,
        0,
        null,
        0,
        0,
        0,
        0,
        null,
        0,
        null,
        0,
        0,
        0,
        0,
        0,
        null,
        0,
        null,
        0,
        0,
        0,
        0,
        null,
        0,
        null,
        0,
        null,
        0,
        0,
        0,
        0,
        0,
        0,
        0,
        0,
        0
      ],
      "/Users/likitung/Desktop/bank/app/jobs/application_job.rb": [
        0,
        0
      ],
      "/Users/likitung/Desktop/bank/app/controllers/application_controller.rb": [
        0,
        null,
        0,
        0,
        0,
        null,
        0,
        0
      ],
      "/Users/likitung/Desktop/bank/app/controllers/api_controller.rb": [
        0,
        null,
        0,
        0,
        0,
        0
      ],
      "/Users/likitung/Desktop/bank/app/controllers/api/v1/uptime_controller.rb": [
        0,
        0,
        0,
        0,
        0,
        0,
        0,
        0,
        0,
        0
      ],
      "/Users/likitung/Desktop/bank/app/controllers/api/v1/banknotes_controller.rb": [
        0,
        0,
        0,
        0,
        null,
        0,
        0,
        0,
        0,
        0,
        0,
        null,
        0,
        null,
        null,
        0,
        0,
        0,
        null,
        null,
        0,
        0,
        0,
        0,
        0
      ],
      "/Users/likitung/Desktop/bank/app/controllers/api/v1/atms_controller.rb": [
        0,
        0,
        0,
        null,
        0,
        0,
        0,
        0,
        0,
        0,
        0,
        0,
        null,
        0,
        0,
        0,
        0,
        0,
        0,
        0,
        0,
        0,
        null,
        0,
        0,
        0,
        0,
        0,
        0,
        0,
        0,
        0,
        null,
        0,
        null,
        0,
        0,
        0,
        null,
        0,
        0,
        0,
        null,
        0,
        0,
        0,
        0,
        0
      ],
      "/Users/likitung/Desktop/bank/app/channels/application_cable/connection.rb": [
        0,
        0,
        0,
        0
      ],
      "/Users/likitung/Desktop/bank/app/channels/application_cable/channel.rb": [
        0,
        0,
        0,
        0
      ],
      "/Users/likitung/Desktop/bank/lib/application_responder.rb": [
        0,
        0,
        0,
        null,
        null,
        null,
        null,
        0
      ]
    },
    "timestamp": 1511738883
  }
}
